2024-10-03 00:37:41 -  - exec CUpdateClientPartner::SearchModulesEx
2024-10-03 00:37:41 -  - exec CUpdateClientPartner::__CollectRequestData
2024-10-03 00:37:41 -  - utf=Y&lang=ru&stable=Y&CANGZIP=Y&SUPD_DBS=MYSQL&XE=N&CLIENT_SITE=localhost&LICENSE_KEY=X&SUPD_STS=1&SUPD_URS=0&TYPENC=D&CLIENT_PHPVER=8.3.12&NGINX=Y&dbv=9.0.1&instm=main%2C24.0.796%2CY%3Blanding%2C24.400.300%2CN%3Bclouds%2C24.100.0%2CN%3Bseo%2C24.300.0%2CN%3Bui%2C24.300.0%2CN%3Bperfmon%2C24.0.0%2CN%3Bsocialservices%2C24.0.200%2CN%3Bsecurity%2C24.0.0%2CN%3Bsearch%2C24.0.0%2CN%3Bb24connector%2C24.0.0%2CN%3Biblock%2C24.0.200%2CN%3Bfileman%2C24.100.0%2CN%3Btranslate%2C24.0.0%2CN%3Brest%2C24.500.0%2CN%3Bbitrix.sitecorporate%2C24.0.0%2CN%3Bbitrixcloud%2C24.0.0%2CN%3Blocation%2C24.100.0%2CN%3Bmessageservice%2C24.500.0%2CN%3Bhighloadblock%2C24.0.201%2CN&search_module_id=&search_module=&search_category=7%2C14&search_type=&search_order=DESC&search_order_by=SORT&search_page=1&SUPD_SRS=RU&SUPD_CMP=N
2024-10-03 00:37:41 -  - exec CUpdateClientPartner::GetHTTPPage
2024-10-03 00:37:42 -  - TIME SearchModulesEx(request) 1.307 sec
2024-10-03 00:37:42 -  - exec CUpdateClientPartner::ParseServerData
2024-10-03 00:37:58 -  - exec CUpdateClientPartner::SearchModulesEx
2024-10-03 00:37:58 -  - exec CUpdateClientPartner::__CollectRequestData
2024-10-03 00:37:58 -  - utf=Y&lang=ru&stable=Y&CANGZIP=Y&SUPD_DBS=MYSQL&XE=N&CLIENT_SITE=localhost&LICENSE_KEY=X&SUPD_STS=1&SUPD_URS=0&TYPENC=D&CLIENT_PHPVER=8.3.12&NGINX=Y&dbv=9.0.1&instm=main%2C24.0.796%2CY%3Blanding%2C24.400.300%2CN%3Bclouds%2C24.100.0%2CN%3Bseo%2C24.300.0%2CN%3Bui%2C24.300.0%2CN%3Bperfmon%2C24.0.0%2CN%3Bsocialservices%2C24.0.200%2CN%3Bsecurity%2C24.0.0%2CN%3Bsearch%2C24.0.0%2CN%3Bb24connector%2C24.0.0%2CN%3Biblock%2C24.0.200%2CN%3Bfileman%2C24.100.0%2CN%3Btranslate%2C24.0.0%2CN%3Brest%2C24.500.0%2CN%3Bbitrix.sitecorporate%2C24.0.0%2CN%3Bbitrixcloud%2C24.0.0%2CN%3Blocation%2C24.100.0%2CN%3Bmessageservice%2C24.500.0%2CN%3Bhighloadblock%2C24.0.201%2CN&search_module_id=&search_module=&search_category=7%2C14&search_type=&search_order=DESC&search_order_by=SORT&search_page=1&SUPD_SRS=RU&SUPD_CMP=N
2024-10-03 00:37:58 -  - exec CUpdateClientPartner::GetHTTPPage
2024-10-03 00:37:59 -  - TIME SearchModulesEx(request) 0.582 sec
2024-10-03 00:37:59 -  - exec CUpdateClientPartner::ParseServerData
2024-10-03 00:38:22 -  - exec CUpdateClientPartner::LoadModulesUpdates
2024-10-03 00:38:22 -  - exec CUpdateClientPartner::__CollectRequestData
2024-10-03 00:38:22 -  - utf=Y&lang=ru&stable=Y&CANGZIP=Y&SUPD_DBS=MYSQL&XE=N&CLIENT_SITE=localhost&LICENSE_KEY=X&SUPD_STS=1&SUPD_URS=0&TYPENC=D&CLIENT_PHPVER=8.3.12&NGINX=Y&dbv=9.0.1&instm=main%2C24.0.796%2CY%3Blanding%2C24.400.300%2CN%3Bclouds%2C24.100.0%2CN%3Bseo%2C24.300.0%2CN%3Bui%2C24.300.0%2CN%3Bperfmon%2C24.0.0%2CN%3Bsocialservices%2C24.0.200%2CN%3Bsecurity%2C24.0.0%2CN%3Bsearch%2C24.0.0%2CN%3Bb24connector%2C24.0.0%2CN%3Biblock%2C24.0.200%2CN%3Bfileman%2C24.100.0%2CN%3Btranslate%2C24.0.0%2CN%3Brest%2C24.500.0%2CN%3Bbitrix.sitecorporate%2C24.0.0%2CN%3Bbitrixcloud%2C24.0.0%2CN%3Blocation%2C24.100.0%2CN%3Bmessageservice%2C24.500.0%2CN%3Bhighloadblock%2C24.0.201%2CN&reqm=nsandrey.emptyinstall&lim=Y&SUPD_SRS=RU&SUPD_CMP=N
2024-10-03 00:38:22 -  - exec CUpdateClientPartner::GetHTTPPage
2024-10-03 00:38:22 -  - TIME LoadModulesUpdates(request) 0.562 sec
2024-10-03 00:38:22 -  - exec CUpdateClientPartner::ParseServerData
2024-10-03 00:38:22 - S - STEP
2024-10-03 00:38:22 - LM4W01 - loadModule4Wizard-Step
2024-10-03 00:38:23 -  - exec CUpdateClientPartner::LoadModulesUpdates
2024-10-03 00:38:23 -  - exec CUpdateClientPartner::ParseServerData
2024-10-03 00:38:23 -  - loadFile
2024-10-03 00:38:23 - U - RETURN
2024-10-03 00:38:23 -  - exec CUpdateClientPartner::UnGzipArchive
2024-10-03 00:38:23 -  - TIME UnGzipArchive 0.01 sec
2024-10-03 00:38:23 -  - TIME UpdateStepModules 0.015 sec
2024-10-03 00:38:23 -  - exec CUpdateClientPartner::LoadModulesUpdates
2024-10-03 00:38:23 -  - exec CUpdateClientPartner::__CollectRequestData
2024-10-03 00:38:23 -  - utf=Y&lang=ru&stable=Y&CANGZIP=Y&SUPD_DBS=MYSQL&XE=N&CLIENT_SITE=localhost&LICENSE_KEY=X&SUPD_STS=1&SUPD_URS=0&TYPENC=D&CLIENT_PHPVER=8.3.12&NGINX=Y&dbv=9.0.1&instm=main%2C24.0.796%2CY%3Blanding%2C24.400.300%2CN%3Bclouds%2C24.100.0%2CN%3Bseo%2C24.300.0%2CN%3Bui%2C24.300.0%2CN%3Bperfmon%2C24.0.0%2CN%3Bsocialservices%2C24.0.200%2CN%3Bsecurity%2C24.0.0%2CN%3Bsearch%2C24.0.0%2CN%3Bb24connector%2C24.0.0%2CN%3Biblock%2C24.0.200%2CN%3Bfileman%2C24.100.0%2CN%3Btranslate%2C24.0.0%2CN%3Brest%2C24.500.0%2CN%3Bbitrix.sitecorporate%2C24.0.0%2CN%3Bbitrixcloud%2C24.0.0%2CN%3Blocation%2C24.100.0%2CN%3Bmessageservice%2C24.500.0%2CN%3Bhighloadblock%2C24.0.201%2CN%3Bnsandrey.emptyinstall%2C1.0.5%2CN&reqm=nsandrey.emptyinstall&lim=Y&SUPD_SRS=RU&SUPD_CMP=N
2024-10-03 00:38:23 -  - exec CUpdateClientPartner::GetHTTPPage
2024-10-03 00:38:23 -  - TIME LoadModulesUpdates(request) 0.552 sec
2024-10-03 00:38:23 -  - exec CUpdateClientPartner::ParseServerData
2024-10-03 00:38:23 - STEP - Finish - NOUPDATES
2024-10-03 00:38:23 - LM4W03 - Finish - NOUPDATES
2024-10-03 00:39:45 -  - exec CUpdateClientPartner::__CollectRequestData
2024-10-03 00:39:45 -  - exec CUpdateClientPartner::GetHTTPPage
2024-10-03 00:39:46 -  - exec CUpdateClientPartner::ParseServerData
2024-10-03 00:39:46 -  - exec CUpdateClientPartner::GetUpdatesList
2024-10-03 00:39:46 -  - exec CUpdateClientPartner::__CollectRequestData
2024-10-03 00:39:46 -  - utf=Y&lang=ru&stable=Y&CANGZIP=Y&SUPD_DBS=MYSQL&XE=N&CLIENT_SITE=localhost&LICENSE_KEY=X&SUPD_STS=1&SUPD_URS=0&TYPENC=D&CLIENT_PHPVER=8.3.12&NGINX=Y&dbv=9.0.1&instm=main%2C24.0.796%2CY%3Blanding%2C24.400.300%2CN%3Bclouds%2C24.100.0%2CN%3Bseo%2C24.300.0%2CN%3Bui%2C24.300.0%2CN%3Bperfmon%2C24.0.0%2CN%3Bsocialservices%2C24.0.200%2CN%3Bsecurity%2C24.0.0%2CN%3Bsearch%2C24.0.0%2CN%3Bb24connector%2C24.0.0%2CN%3Biblock%2C24.0.200%2CN%3Bfileman%2C24.100.0%2CN%3Btranslate%2C24.0.0%2CN%3Brest%2C24.500.0%2CN%3Bbitrix.sitecorporate%2C24.0.0%2CN%3Bbitrixcloud%2C24.0.0%2CN%3Blocation%2C24.100.0%2CN%3Bmessageservice%2C24.500.0%2CN%3Bhighloadblock%2C24.0.201%2CN%3Bnsandrey.emptyinstall%2C1.0.5%2CN&reqm=bitrix.sitecorporate%2Cnsandrey.emptyinstall&fullmoduleinfo=Y&SUPD_SRS=RU&SUPD_CMP=N
2024-10-03 00:39:46 -  - exec CUpdateClientPartner::GetHTTPPage
2024-10-03 00:39:46 -  - TIME GetUpdatesList(request) 0.458 sec
2024-10-03 00:39:46 -  - exec CUpdateClientPartner::ParseServerData
2024-10-03 00:39:46 -  - exec CUpdateClientPartner::__CollectRequestData
2024-10-03 00:39:46 -  - exec CUpdateClientPartner::GetHTTPPage
2024-10-03 00:39:47 -  - exec CUpdateClientPartner::ParseServerData
